2018-07-05 14:02:24,801 [INFO ]  Serial Monitor started at port /dev/ttyACM0
2018-07-05 14:10:04,944 [INFO ]  Serial Monitor started at device /dev/ttyACM0
2018-07-05 14:16:21,932 [INFO ]  Serial Monitor started at device /dev/ttyACM0
2018-07-05 14:16:21,932 [INFO ]  Opening Port on device /dev/ttyACM0
2018-07-05 14:17:06,642 [INFO ]  Serial Monitor started at device /dev/ttyACM0
2018-07-05 14:17:06,642 [INFO ]  Opening Port on device /dev/ttyACM0
2018-07-05 14:17:48,278 [INFO ]  Serial Monitor started at device /dev/ttyACM0
2018-07-05 14:17:48,279 [INFO ]  Opening Port on device /dev/ttyACM0
2018-07-05 14:21:19,741 [INFO ]  Serial Monitor started at device /dev/ttyACM0
2018-07-05 14:21:19,741 [INFO ]  Opening Port on device /dev/ttyACM0
2018-07-05 14:26:31,868 [INFO ]  Port monitoring started
2018-07-05 14:26:31,868 [INFO ]  Opening Port on device /dev/ttyACM0 at 9600
2018-07-05 14:26:34,556 [INFO ]  30000
2018-07-05 14:26:36,334 [INFO ]  H: 35.00
2018-07-05 14:26:36,346 [INFO ]  T: 24.00
2018-07-05 14:27:07,150 [INFO ]  H: 35.00
2018-07-05 14:27:07,158 [INFO ]  T: 24.00
2018-07-05 14:27:37,962 [INFO ]  H: 36.00
2018-07-05 14:27:37,974 [INFO ]  T: 24.00
2018-07-05 14:28:08,778 [INFO ]  H: 36.00
2018-07-05 14:28:08,790 [INFO ]  T: 24.00
2018-07-05 14:28:36,731 [INFO ]  Port monitoring started
2018-07-05 14:28:36,732 [INFO ]  Opening Port on device /dev/ttyACM0 at 9600
2018-07-05 14:28:39,417 [DEBUG]  Msg Size 7
2018-07-05 14:28:39,418 [DEBUG]  30000
2018-07-05 14:28:41,199 [DEBUG]  Msg Size 10
2018-07-05 14:28:41,200 [DEBUG]  H: 35.00
2018-07-05 14:28:41,200 [INFO ]  H: 35.00
2018-07-05 14:28:41,207 [DEBUG]  Msg Size 10
2018-07-05 14:28:41,208 [DEBUG]  T: 24.00
2018-07-05 14:29:12,011 [DEBUG]  Msg Size 10
2018-07-05 14:29:12,012 [DEBUG]  H: 35.00
2018-07-05 14:29:12,012 [INFO ]  H: 35.00
2018-07-05 14:29:12,023 [DEBUG]  Msg Size 10
2018-07-05 14:29:12,024 [DEBUG]  T: 24.00
2018-07-05 14:29:42,827 [DEBUG]  Msg Size 10
2018-07-05 14:29:42,827 [DEBUG]  H: 35.00
2018-07-05 14:29:42,827 [INFO ]  H: 35.00
2018-07-05 14:29:42,839 [DEBUG]  Msg Size 10
2018-07-05 14:29:42,840 [DEBUG]  T: 24.00
2018-07-05 14:30:13,643 [DEBUG]  Msg Size 10
2018-07-05 14:30:13,643 [DEBUG]  H: 35.00
2018-07-05 14:30:13,644 [INFO ]  H: 35.00
2018-07-05 14:30:13,651 [DEBUG]  Msg Size 10
2018-07-05 14:30:13,651 [DEBUG]  T: 24.00
2018-07-05 14:30:44,455 [DEBUG]  Msg Size 10
2018-07-05 14:30:44,455 [DEBUG]  H: 35.00
2018-07-05 14:30:44,456 [INFO ]  H: 35.00
2018-07-05 14:30:44,467 [DEBUG]  Msg Size 10
2018-07-05 14:30:44,467 [DEBUG]  T: 24.00
2018-07-05 14:31:15,271 [DEBUG]  Msg Size 10
2018-07-05 14:31:15,271 [DEBUG]  H: 35.00
2018-07-05 14:31:15,271 [INFO ]  H: 35.00
2018-07-05 14:31:15,279 [DEBUG]  Msg Size 10
2018-07-05 14:31:15,279 [DEBUG]  T: 24.00
2018-07-05 14:31:46,083 [DEBUG]  Msg Size 10
2018-07-05 14:31:46,083 [DEBUG]  H: 35.00
2018-07-05 14:31:46,083 [INFO ]  H: 35.00
2018-07-05 14:31:46,095 [DEBUG]  Msg Size 10
2018-07-05 14:31:46,095 [DEBUG]  T: 24.00
2018-07-05 14:32:16,898 [DEBUG]  Msg Size 10
2018-07-05 14:32:16,899 [DEBUG]  H: 35.00
2018-07-05 14:32:16,899 [INFO ]  H: 35.00
2018-07-05 14:32:16,907 [DEBUG]  Msg Size 10
2018-07-05 14:32:16,907 [DEBUG]  T: 24.00
2018-07-05 14:32:47,710 [DEBUG]  Msg Size 10
2018-07-05 14:32:47,711 [DEBUG]  H: 35.00
2018-07-05 14:32:47,711 [INFO ]  H: 35.00
2018-07-05 14:32:47,722 [DEBUG]  Msg Size 10
2018-07-05 14:32:47,723 [DEBUG]  T: 24.00
2018-07-05 14:33:18,526 [DEBUG]  Msg Size 10
2018-07-05 14:33:18,527 [DEBUG]  H: 35.00
2018-07-05 14:33:18,527 [INFO ]  H: 35.00
2018-07-05 14:33:18,534 [DEBUG]  Msg Size 10
2018-07-05 14:33:18,535 [DEBUG]  T: 24.00
2018-07-05 14:33:49,338 [DEBUG]  Msg Size 10
2018-07-05 14:33:49,339 [DEBUG]  H: 36.00
2018-07-05 14:33:49,339 [INFO ]  H: 36.00
2018-07-05 14:33:49,350 [DEBUG]  Msg Size 10
2018-07-05 14:33:49,351 [DEBUG]  T: 24.00
2018-07-05 14:33:52,010 [INFO ]  Port monitoring started
2018-07-05 14:33:52,011 [INFO ]  Opening Port on device /dev/ttyACM0 at 9600
2018-07-05 14:33:54,700 [DEBUG]  Msg Size 30000
(7) 
2018-07-05 14:33:56,478 [DEBUG]  Msg Size H: 35.00
(10) 
2018-07-05 14:33:56,490 [DEBUG]  Msg Size T: 24.00
(10) 
2018-07-05 14:34:17,458 [INFO ]  Port monitoring started
2018-07-05 14:34:17,458 [INFO ]  Opening Port on device /dev/ttyACM0 at 9600
2018-07-05 14:34:20,146 [DEBUG]  Msg Size 30000(7) 
2018-07-05 14:34:21,923 [DEBUG]  Msg Size H: 36.00(10) 
2018-07-05 14:34:21,936 [DEBUG]  Msg Size T: 24.00(10) 
2018-07-05 14:34:43,862 [INFO ]  Port monitoring started
2018-07-05 14:34:43,862 [INFO ]  Opening Port on device /dev/ttyACM0 at 9600
2018-07-05 14:34:46,550 [DEBUG]  Msg Size 30000
(7) 
2018-07-05 14:34:48,328 [DEBUG]  Msg Size H: 36.00
(10) 
2018-07-05 14:34:48,340 [DEBUG]  Msg Size T: 24.00
(10) 
2018-07-05 14:35:19,144 [DEBUG]  Msg Size H: 36.00
(10) 
2018-07-05 14:35:19,156 [DEBUG]  Msg Size T: 24.00
(10) 
2018-07-05 14:35:39,965 [INFO ]  Port monitoring started
2018-07-05 14:35:39,965 [INFO ]  Opening Port on device /dev/ttyACM0 at 9600
2018-07-05 14:35:42,652 [DEBUG]  Msg Size 30000(7) 
2018-07-05 14:35:44,434 [DEBUG]  Msg Size H: 36.00(10) 
2018-07-05 14:35:44,442 [DEBUG]  Msg Size T: 24.00(10) 
2018-07-05 14:36:15,246 [DEBUG]  Msg Size H: 35.00(10) 
2018-07-05 14:36:15,258 [DEBUG]  Msg Size T: 25.00(10) 
2018-07-05 14:36:46,061 [DEBUG]  Msg Size H: 35.00(10) 
2018-07-05 14:36:46,070 [DEBUG]  Msg Size T: 25.00(10) 
2018-07-05 14:36:59,642 [INFO ]  Port monitoring started
2018-07-05 14:36:59,642 [INFO ]  Opening Port on device /dev/ttyACM0 at 9600
2018-07-05 14:37:02,328 [DEBUG]  Msg Size 30000(5) 
2018-07-05 14:37:04,110 [DEBUG]  Msg Size H: 35.00(8) 
2018-07-05 14:37:04,118 [DEBUG]  Msg Size T: 25.00(8) 
2018-07-05 14:37:34,922 [DEBUG]  Msg Size H: 36.00(8) 
2018-07-05 14:37:34,934 [DEBUG]  Msg Size T: 24.00(8) 
2018-07-05 14:38:05,738 [DEBUG]  Msg Size H: 34.00(8) 
2018-07-05 14:38:05,750 [DEBUG]  Msg Size T: 25.00(8) 
2018-07-05 14:38:36,553 [DEBUG]  Msg Size H: 36.00(8) 
2018-07-05 14:38:36,561 [DEBUG]  Msg Size T: 24.00(8) 
2018-07-05 14:38:51,504 [INFO ]  Port monitoring started
2018-07-05 14:38:51,504 [INFO ]  Opening Port on device /dev/ttyACM0 at 9600
2018-07-05 14:38:54,192 [DEBUG]  Msg Size 30000 L(5) 
2018-07-05 14:38:55,974 [DEBUG]  Msg Size H: 35.00 L(8) 
2018-07-05 14:38:55,982 [DEBUG]  Msg Size T: 24.00 L(8) 
2018-07-05 14:39:26,785 [DEBUG]  Msg Size H: 34.00 L(8) 
2018-07-05 14:39:26,798 [DEBUG]  Msg Size T: 25.00 L(8) 
2018-07-05 14:39:43,285 [INFO ]  Port monitoring started
2018-07-05 14:39:43,285 [INFO ]  Opening Port on device /dev/ttyACM0 at 9600
2018-07-05 14:39:45,972 [DEBUG]  MSG30000 - SIZE5
2018-07-05 14:39:47,754 [DEBUG]  MSGH: 35.00 - SIZE8
2018-07-05 14:39:47,754 [DEBUG]  H
2018-07-05 14:39:47,762 [DEBUG]  MSGT: 25.00 - SIZE8
2018-07-05 14:39:47,763 [DEBUG]  T
2018-07-05 14:39:47,763 [INFO ]  Temp: 25.00° - Humd: 35.00% 
2018-07-05 14:40:18,566 [DEBUG]  MSGH: 36.00 - SIZE8
2018-07-05 14:40:18,567 [DEBUG]  H
2018-07-05 14:40:18,578 [DEBUG]  MSGT: 24.00 - SIZE8
2018-07-05 14:40:18,579 [DEBUG]  T
2018-07-05 14:40:18,579 [INFO ]  Temp: 24.00° - Humd: 36.00% 
2018-07-05 14:40:24,098 [INFO ]  Port monitoring started
2018-07-05 14:40:24,099 [INFO ]  Opening Port on device /dev/ttyACM0 at 9600
2018-07-05 14:40:26,787 [DEBUG]  MSG(30000) - SIZE(5)
2018-07-05 14:40:28,565 [DEBUG]  MSG(H: 35.00) - SIZE(8)
2018-07-05 14:40:28,577 [DEBUG]  MSG(T: 25.00) - SIZE(8)
2018-07-05 14:40:28,577 [INFO ]  Temp: 25.00° - Humd: 35.00% 
2018-07-05 14:40:59,381 [DEBUG]  MSG(H: 35.00) - SIZE(8)
2018-07-05 14:40:59,389 [DEBUG]  MSG(T: 25.00) - SIZE(8)
2018-07-05 14:40:59,389 [INFO ]  Temp: 25.00° - Humd: 35.00% 
2018-07-05 14:41:30,197 [DEBUG]  MSG(H: 35.00) - SIZE(8)
2018-07-05 14:41:30,205 [DEBUG]  MSG(T: 25.00) - SIZE(8)
2018-07-05 14:41:30,205 [INFO ]  Temp: 25.00° - Humd: 35.00% 
2018-07-05 14:42:01,009 [DEBUG]  MSG(H: 36.00) - SIZE(8)
2018-07-05 14:42:01,021 [DEBUG]  MSG(T: 24.00) - SIZE(8)
2018-07-05 14:42:01,021 [INFO ]  Temp: 24.00° - Humd: 36.00% 
2018-07-05 14:42:26,733 [INFO ]  Port monitoring started
2018-07-05 14:42:26,733 [INFO ]  Opening Port on device /dev/ttyACM0 at 9600
2018-07-05 14:42:29,420 [DEBUG]  MSG(30000) - SIZE(5)
2018-07-05 14:42:31,202 [DEBUG]  MSG(H: 36.00) - SIZE(8)
2018-07-05 14:42:31,210 [DEBUG]  MSG(T: 24.00) - SIZE(8)
2018-07-05 14:42:31,211 [INFO ]  Temp: 24.00° - Humd: 36.00% 
2018-07-05 14:42:32,210 [DEBUG]  CTR+C Catched
2018-07-05 14:43:02,014 [DEBUG]  MSG(H: 36.00) - SIZE(8)
2018-07-05 14:43:02,014 [INFO ]  Port monitoring stoped
2018-07-05 14:43:47,502 [INFO ]  Port monitoring started
2018-07-05 14:43:47,502 [INFO ]  Opening Port on device /dev/ttyACM0 at 9600
2018-07-05 14:43:50,190 [DEBUG]  MSG(30000) - SIZE(7)
2018-07-05 14:43:51,971 [DEBUG]  MSG(H: 36.00) - SIZE(10)
2018-07-05 14:43:51,979 [DEBUG]  MSG(T: 24.00) - SIZE(10)
2018-07-05 14:43:51,980 [INFO ]  Temp: 24.00
° - Humd: 36.00
% 
2018-07-05 14:44:01,234 [DEBUG]  CTR+C Catched - Will stop after next reading
2018-07-05 14:44:22,783 [DEBUG]  MSG(H: 36.00) - SIZE(10)
2018-07-05 14:44:22,784 [INFO ]  Port monitoring stoped
2018-07-05 14:44:28,380 [INFO ]  Port monitoring started
2018-07-05 14:44:28,380 [INFO ]  Opening Port on device /dev/ttyACM0 at 9600
2018-07-05 14:44:31,070 [DEBUG]  MSG(30000) - SIZE(5)
2018-07-05 14:44:32,848 [DEBUG]  MSG(H: 35.00) - SIZE(8)
2018-07-05 14:44:32,860 [DEBUG]  MSG(T: 24.00) - SIZE(8)
2018-07-05 14:44:32,860 [INFO ]  Temp: 24.00° - Humd: 35.00% 
2018-07-05 14:45:03,663 [DEBUG]  MSG(H: 35.00) - SIZE(8)
2018-07-05 14:45:03,672 [DEBUG]  MSG(T: 25.00) - SIZE(8)
2018-07-05 14:45:03,672 [INFO ]  Temp: 25.00° - Humd: 35.00% 
2018-07-05 14:45:13,537 [DEBUG]  CTR+C Catched - Will stop after next reading
2018-07-05 14:45:26,177 [INFO ]  Port monitoring started
2018-07-05 14:45:26,178 [INFO ]  Opening Port on device /dev/ttyACM0 at 9600
2018-07-05 14:45:34,475 [DEBUG]  MSG(: 35.00) - SIZE(7)
2018-07-05 14:45:34,475 [INFO ]  Port monitoring stoped
2018-07-05 14:45:45,269 [INFO ]  Port monitoring started
2018-07-05 14:45:45,269 [INFO ]  Opening Port on device /dev/ttyACM0 at 9600
2018-07-05 14:45:47,956 [DEBUG]  MSG(30000) - SIZE(5)
2018-07-05 14:45:49,738 [DEBUG]  MSG(H: 35.00) - SIZE(8)
2018-07-05 14:45:49,746 [DEBUG]  MSG(T: 25.00) - SIZE(8)
2018-07-05 14:45:49,747 [INFO ]  Temp: 25.00° - Humd: 35.00% 
2018-07-05 14:46:20,550 [DEBUG]  MSG(H: 35.00) - SIZE(8)
2018-07-05 14:46:20,562 [DEBUG]  MSG(T: 25.00) - SIZE(8)
2018-07-05 14:46:20,562 [INFO ]  Temp: 25.00° - Humd: 35.00% 
2018-07-05 14:46:26,738 [DEBUG]  CTR+C Catched - Will stop after next reading
2018-07-05 14:46:51,366 [DEBUG]  MSG(H: 35.00) - SIZE(8)
2018-07-05 14:46:51,366 [INFO ]  Port monitoring stoped
2018-07-05 14:48:13,478 [INFO ]  Port monitoring started
2018-07-05 14:48:13,478 [INFO ]  Opening Port on device /dev/ttyACM0 at 9600
2018-07-05 14:48:17,956 [INFO ]  Temp: 25.00° - Humd: 35.00% 
2018-07-05 14:48:48,772 [INFO ]  Temp: 25.00° - Humd: 35.00% 
2018-07-05 14:49:19,584 [INFO ]  Temp: 25.00° - Humd: 35.00% 
2018-07-05 14:49:50,399 [INFO ]  Temp: 25.00° - Humd: 35.00% 
2018-07-05 14:50:21,215 [INFO ]  Temp: 25.00° - Humd: 34.00% 
2018-07-05 14:50:52,027 [INFO ]  Temp: 25.00° - Humd: 35.00% 
2018-07-05 14:51:22,842 [INFO ]  Temp: 25.00° - Humd: 34.00% 
2018-07-05 14:51:53,658 [INFO ]  Temp: 25.00° - Humd: 34.00% 
2018-07-05 14:52:24,470 [INFO ]  Temp: 25.00° - Humd: 34.00% 
2018-07-05 14:52:55,285 [INFO ]  Temp: 25.00° - Humd: 35.00% 
2018-07-05 14:53:26,101 [INFO ]  Temp: 25.00° - Humd: 35.00% 
2018-07-05 14:53:56,913 [INFO ]  Temp: 25.00° - Humd: 34.00% 
2018-07-05 14:54:27,729 [INFO ]  Temp: 25.00° - Humd: 35.00% 
2018-07-05 14:54:58,540 [INFO ]  Temp: 25.00° - Humd: 34.00% 
2018-07-05 14:55:29,356 [INFO ]  Temp: 25.00° - Humd: 34.00% 
2018-07-05 14:56:00,172 [INFO ]  Temp: 25.00° - Humd: 35.00% 
2018-07-05 14:56:30,984 [INFO ]  Temp: 25.00° - Humd: 35.00% 
2018-07-05 14:57:01,799 [INFO ]  Temp: 25.00° - Humd: 35.00% 
2018-07-05 14:57:32,615 [INFO ]  Temp: 25.00° - Humd: 35.00% 
2018-07-05 14:58:03,427 [INFO ]  Temp: 25.00° - Humd: 35.00% 
2018-07-05 14:58:34,243 [INFO ]  Temp: 25.00° - Humd: 34.00% 
2018-07-05 14:59:09,917 [INFO ]  Port monitoring started
2018-07-05 14:59:09,918 [INFO ]  Opening Port on device /dev/ttyACM0 at 9600
2018-07-05 14:59:09,918 [INFO ]  Opening MongoDB
2018-07-05 14:59:14,398 [INFO ]  Temp: 25.00° - Humd: 35.00% 
2018-07-05 14:59:45,210 [INFO ]  Temp: 25.00° - Humd: 35.00% 
2018-07-05 15:00:16,026 [INFO ]  Temp: 25.00° - Humd: 34.00% 
2018-07-05 15:00:46,837 [INFO ]  Temp: 25.00° - Humd: 34.00% 
2018-07-05 15:01:17,653 [INFO ]  Temp: 25.00° - Humd: 34.00% 
2018-07-05 15:01:48,469 [INFO ]  Temp: 25.00° - Humd: 35.00% 
2018-07-05 15:02:19,281 [INFO ]  Temp: 25.00° - Humd: 35.00% 
2018-07-05 15:02:50,096 [INFO ]  Temp: 25.00° - Humd: 35.00% 
2018-07-05 15:03:20,900 [INFO ]  Port monitoring stoped
2018-07-05 15:03:57,141 [INFO ]  Port monitoring started
2018-07-05 15:03:57,141 [INFO ]  Opening Port on device /dev/ttyACM0 at 9600
2018-07-05 15:03:57,142 [INFO ]  Opening MongoDB
2018-07-05 15:03:59,830 [INFO ]  Port monitoring stoped
2018-07-05 15:18:29,805 [INFO ]  Port monitoring started
2018-07-05 15:18:29,805 [INFO ]  Opening Port on device /dev/ttyACM0 at 9600
2018-07-05 15:18:29,805 [INFO ]  Opening MongoDB
2018-07-05 15:18:34,284 [INFO ]  Temp: 25.00° - Humd: 35.00% 
2018-07-05 15:19:05,100 [INFO ]  Temp: 25.00° - Humd: 35.00% 
2018-07-05 15:19:35,912 [INFO ]  Temp: 25.00° - Humd: 34.00% 
2018-07-05 15:20:06,716 [INFO ]  Port monitoring stoped
2018-07-05 15:21:10,044 [INFO ]  Port monitoring started
2018-07-05 15:21:10,044 [INFO ]  Opening Port on device /dev/ttyACM0 at 9600
2018-07-05 15:21:10,045 [INFO ]  Opening MongoDB
2018-07-05 15:21:10,046 [INFO ]  MongoDB Opened
2018-07-05 15:21:12,734 [DEBUG]  MSG(30000) - SIZE(5)
2018-07-05 15:21:14,512 [DEBUG]  MSG(H: 35.00) - SIZE(8)
2018-07-05 15:21:14,524 [DEBUG]  MSG(T: 25.00) - SIZE(8)
2018-07-05 15:21:14,525 [INFO ]  Temp: 25.00° - Humd: 35.00% 
2018-07-05 15:21:14,525 [DEBUG]  Inserting into MongoDB
2018-07-05 15:21:45,328 [DEBUG]  MSG(H: 34.00) - SIZE(8)
2018-07-05 15:21:45,336 [DEBUG]  MSG(T: 25.00) - SIZE(8)
2018-07-05 15:21:45,337 [INFO ]  Temp: 25.00° - Humd: 34.00% 
2018-07-05 15:21:45,337 [DEBUG]  Inserting into MongoDB
2018-07-05 15:22:16,140 [DEBUG]  MSG(H: 35.00) - SIZE(8)
2018-07-05 15:22:16,152 [DEBUG]  MSG(T: 25.00) - SIZE(8)
2018-07-05 15:22:16,152 [INFO ]  Temp: 25.00° - Humd: 35.00% 
2018-07-05 15:22:16,153 [DEBUG]  Inserting into MongoDB
2018-07-05 15:22:46,956 [DEBUG]  MSG(H: 34.00) - SIZE(8)
2018-07-05 15:22:46,968 [DEBUG]  MSG(T: 25.00) - SIZE(8)
2018-07-05 15:22:46,968 [INFO ]  Temp: 25.00° - Humd: 34.00% 
2018-07-05 15:22:46,968 [DEBUG]  Inserting into MongoDB
2018-07-05 15:23:17,771 [DEBUG]  MSG(H: 34.00) - SIZE(8)
2018-07-05 15:23:17,780 [DEBUG]  MSG(T: 25.00) - SIZE(8)
2018-07-05 15:23:17,780 [INFO ]  Temp: 25.00° - Humd: 34.00% 
2018-07-05 15:23:17,781 [DEBUG]  Inserting into MongoDB
